<?xml version="1.0" encoding="UTF-8"?>
<!-- Generated by org.testng.reporters.JUnitReportReporter -->
<testsuite hostname="DESKTOP-T6VNDPN" failures="0" tests="7" name="rajhiPages.Login" time="28.909" errors="0" timestamp="2021-05-15T06:05:28 CEST" skipped="1">
  <testcase classname="rajhiPages.Login" name="LoginFailBlankUsernameAndPw" time="8.981"/>
  <system-out/>
  <testcase classname="rajhiPages.Login" name="LoginFailBlankUsername" time="1.726"/>
  <system-out/>
  <testcase classname="rajhiPages.Login" name="LoginFailBlankPW" time="1.478"/>
  <system-out/>
  <testcase classname="rajhiPages.Login" name="LoginFailWrongUserName" time="11.246"/>
  <system-out/>
  <testcase classname="rajhiPages.Login" name="LoginFailWrongPW" time="2.457"/>
  <system-out/>
  <testcase classname="rajhiPages.Login" name="LoginSuccess" time="3.021"/>
  <system-out/>
  <testcase classname="rajhiPages.Login" name="LoginSuccessFirstTime">
    <skipped/>
  </testcase> <!-- LoginSuccessFirstTime -->
  <system-out/>
</testsuite> <!-- rajhiPages.Login -->
