<?xml version="1.0" encoding="UTF-8"?>
<!-- Generated by org.testng.reporters.JUnitReportReporter -->
<testsuite hostname="DESKTOP-T6VNDPN" failures="0" tests="7" name="Rajhi.ChangePassword" time="16.060" errors="0" timestamp="2021-05-15T05:00:44 CEST" skipped="1">
  <testcase classname="Rajhi.ChangePassword" name="ChangePWFailBlankOPW" time="1.483"/>
  <system-out/>
  <testcase classname="Rajhi.ChangePassword" name="ChangePWFailBlankCPW" time="3.050"/>
  <system-out/>
  <testcase classname="Rajhi.ChangePassword" name="ChangePWFailBlankNPW" time="2.785"/>
  <system-out/>
  <testcase classname="Rajhi.ChangePassword" name="ChangePWFailNotMatchNPWCPW" time="3.075"/>
  <system-out/>
  <testcase classname="Rajhi.ChangePassword" name="ChangePWFailWrongOPW" time="3.342"/>
  <system-out/>
  <testcase classname="Rajhi.ChangePassword" name="ChangePWNotMatchCriteriaNPW" time="2.325"/>
  <system-out/>
  <testcase classname="Rajhi.ChangePassword" name="ChangePWSuccess">
    <skipped/>
  </testcase> <!-- ChangePWSuccess -->
  <system-out/>
</testsuite> <!-- Rajhi.ChangePassword -->
