<?xml version="1.0" encoding="UTF-8"?>
<!-- Generated by org.testng.reporters.JUnitReportReporter -->
<testsuite hostname="DESKTOP-T6VNDPN" failures="0" tests="7" name="Rajhi.Login" time="14.809" errors="0" timestamp="2021-05-15T05:29:20 CEST" skipped="1">
  <testcase classname="Rajhi.Login" name="LoginFailBlankUsernameAndPw" time="5.760"/>
  <system-out/>
  <testcase classname="Rajhi.Login" name="LoginFailBlankUsername" time="1.437"/>
  <system-out/>
  <testcase classname="Rajhi.Login" name="LoginFailBlankPW" time="1.266"/>
  <system-out/>
  <testcase classname="Rajhi.Login" name="LoginFailWrongUserName" time="2.317"/>
  <system-out/>
  <testcase classname="Rajhi.Login" name="LoginFailWrongPW" time="1.646"/>
  <system-out/>
  <testcase classname="Rajhi.Login" name="LoginSuccess" time="2.383"/>
  <system-out/>
  <testcase classname="Rajhi.Login" name="LoginSuccessFirstTime">
    <skipped/>
  </testcase> <!-- LoginSuccessFirstTime -->
  <system-out/>
</testsuite> <!-- Rajhi.Login -->
